Debug information for file: .\javali_tests\A4\A5_keinestamSchmid\shortCircuit.javali
AST Resulting From Parsing Stage:
ClassDecl (name: A, superClass: Object)
ClassDecl (name: B, superClass: A)
ClassDecl (name: Main, superClass: Object)
| MethodDecl (argumentNames: [], argumentTypes: [], name: tru, returnType: boolean)
| | Seq ()
| | Seq ()
| | | BuiltInWrite ()
| | | | IntConst (value: 1)
| | | ReturnStmt ()
| | | | BooleanConst (value: true)
| MethodDecl (argumentNames: [], argumentTypes: [], name: fls, returnType: boolean)
| | Seq ()
| | Seq ()
| | | BuiltInWrite ()
| | | | IntConst (value: 0)
| | | ReturnStmt ()
| | | | BooleanConst (value: false)
| MethodDecl (argumentNames: [], argumentTypes: [], name: main, returnType: void)
| | Seq ()
| | | VarDecl (name: b, type: boolean)
| | Seq ()
| | | IfElse ()
| | | | BinaryOp (operator: B_OR)
| | | | | MethodCallExpr (methodName: tru)
| | | | | | ThisRef ()
| | | | | MethodCallExpr (methodName: fls)
| | | | | | ThisRef ()
| | | | Seq ()
| | | | | BuiltInWrite ()
| | | | | | IntConst (value: 2)
| | | | Nop ()
| | | BuiltInWriteln ()
| | | IfElse ()
| | | | BinaryOp (operator: B_OR)
| | | | | MethodCallExpr (methodName: fls)
| | | | | | ThisRef ()
| | | | | MethodCallExpr (methodName: tru)
| | | | | | ThisRef ()
| | | | Seq ()
| | | | | BuiltInWrite ()
| | | | | | IntConst (value: 2)
| | | | Nop ()
| | | BuiltInWriteln ()
| | | IfElse ()
| | | | BinaryOp (operator: B_AND)
| | | | | MethodCallExpr (methodName: tru)
| | | | | | ThisRef ()
| | | | | MethodCallExpr (methodName: fls)
| | | | | | ThisRef ()
| | | | Seq ()
| | | | | BuiltInWrite ()
| | | | | | IntConst (value: 2)
| | | | Nop ()
| | | BuiltInWriteln ()
| | | IfElse ()
| | | | BinaryOp (operator: B_AND)
| | | | | MethodCallExpr (methodName: fls)
| | | | | | ThisRef ()
| | | | | MethodCallExpr (methodName: tru)
| | | | | | ThisRef ()
| | | | Seq ()
| | | | | BuiltInWrite ()
| | | | | | IntConst (value: 2)
| | | | Nop ()

Test failed because an exception was thrown:
    Cannot run program "gcc" (in directory "C:\CYGWIN\BIN"): CreateProcess error=267, The directory name is invalid
Stack trace:
java.io.IOException: Cannot run program "gcc" (in directory "C:\CYGWIN\BIN"): CreateProcess error=267, The directory name is invalid
	at java.lang.ProcessBuilder.start(ProcessBuilder.java:1041)
	at cd.util.FileUtil.runCommand(FileUtil.java:56)
	at cd.test.AbstractTestSamplePrograms.testCodeGenerator(AbstractTestSamplePrograms.java:221)
	at cd.test.AbstractTestSamplePrograms.test(AbstractTestSamplePrograms.java:128)
	at sun.reflect.GeneratedMethodAccessor2.invoke(Unknown Source)
	at sun.reflect.DelegatingMethodAccessorImpl.invoke(DelegatingMethodAccessorImpl.java:43)
	at java.lang.reflect.Method.invoke(Method.java:606)
	at org.junit.internal.runners.TestMethod.invoke(TestMethod.java:59)
	at org.junit.internal.runners.MethodRoadie.runTestMethod(MethodRoadie.java:98)
	at org.junit.internal.runners.MethodRoadie$2.run(MethodRoadie.java:79)
	at org.junit.internal.runners.MethodRoadie.runBeforesThenTestThenAfters(MethodRoadie.java:87)
	at org.junit.internal.runners.MethodRoadie.runTest(MethodRoadie.java:77)
	at org.junit.internal.runners.MethodRoadie.run(MethodRoadie.java:42)
	at org.junit.internal.runners.JUnit4ClassRunner.invokeTestMethod(JUnit4ClassRunner.java:88)
	at org.junit.internal.runners.JUnit4ClassRunner.runMethods(JUnit4ClassRunner.java:51)
	at org.junit.runners.Parameterized$TestClassRunnerForParameters.run(Parameterized.java:98)
	at org.junit.internal.runners.CompositeRunner.runChildren(CompositeRunner.java:33)
	at org.junit.runners.Parameterized.access$000(Parameterized.java:55)
	at org.junit.runners.Parameterized$1.run(Parameterized.java:131)
	at org.junit.internal.runners.ClassRoadie.runUnprotected(ClassRoadie.java:27)
	at org.junit.internal.runners.ClassRoadie.runProtected(ClassRoadie.java:37)
	at org.junit.runners.Parameterized.run(Parameterized.java:129)
	at org.junit.runner.JUnitCore.run(JUnitCore.java:130)
	at com.intellij.junit4.JUnit4IdeaTestRunner.startRunnerWithArgs(JUnit4IdeaTestRunner.java:74)
	at com.intellij.rt.execution.junit.JUnitStarter.prepareStreamsAndStart(JUnitStarter.java:211)
	at com.intellij.rt.execution.junit.JUnitStarter.main(JUnitStarter.java:67)
	at sun.reflect.NativeMethodAccessorImpl.invoke0(Native Method)
	at sun.reflect.NativeMethodAccessorImpl.invoke(NativeMethodAccessorImpl.java:57)
	at sun.reflect.DelegatingMethodAccessorImpl.invoke(DelegatingMethodAccessorImpl.java:43)
	at java.lang.reflect.Method.invoke(Method.java:606)
	at com.intellij.rt.execution.application.AppMain.main(AppMain.java:134)
Caused by: java.io.IOException: CreateProcess error=267, The directory name is invalid
	at java.lang.ProcessImpl.create(Native Method)
	at java.lang.ProcessImpl.<init>(ProcessImpl.java:385)
	at java.lang.ProcessImpl.start(ProcessImpl.java:136)
	at java.lang.ProcessBuilder.start(ProcessBuilder.java:1022)
	... 30 more
